<!DOCTYPE html>
<html>
<head>
    <title>Pruebas Selenium</title>
    <meta charset="utf-8">
    <meta name="viewport" content="width=device-width, initial-scale=1.0">
    <link rel="stylesheet" href="https://maxcdn.bootstrapcdn.com/bootstrap/3.3.6/css/bootstrap.min.css" integrity="sha384-1q8mTJOASx8j1Au+a5WDVnPi2lkFfwwEAa8hDDdjZlpLegxhjVME1fgjWPGmkzs7" crossorigin="anonymous">
</head>
<body>
    <div class="container">
        <div class="row">
            <div class="col-xs-12">
                <h2 class="text-capitalize">Pruebas Selenium</h2>
                <p class='attribute'><strong>Start Time: </strong>2024-11-25 22:38:21</p>
                <p class='attribute'><strong>Duration: </strong>26.53 s</p>
                <p class='attribute'><strong>Summary: </strong>Total: 1, Pass: 0, Error: 1</p>
            </div>
        </div>
        <div class="row">
            <div class="col-xs-12 col-sm-10 col-md-10">
                <table class='table table-hover table-responsive'>
                    <thead>
                        <tr>
                            <th>__main__.TestWebApp</th>
                            <th>Status</th>
                            <th></th>
                        </tr>
                    </thead>
                    <tbody>
                        <tr class='warning'>
                            <td class="col-xs-10">test_store_edit</td>
                            <td class="col-xs-1">
                                <span class="label label-warning" style="display:block;width:40px;">Error</span>
                            </td>
                            <td class="col-xs-1">
                                <button class="btn btn-default btn-xs">View</button>
                            </td>
                        </tr>
                        <tr style="display:none;">
                            <td class="col-xs-9" colspan="3"><p>Alerta aceptada: Tienda actualizada correctamente
</p><p style="color:maroon;">TimeoutException: Message: 
Stacktrace:
	GetHandleVerifier [0x00007FF77D136CB5+28821]
	(No symbol) [0x00007FF77D0A3840]
	(No symbol) [0x00007FF77CF4578A]
	(No symbol) [0x00007FF77CF991BE]
	(No symbol) [0x00007FF77CF994AC]
	(No symbol) [0x00007FF77CFE2647]
	(No symbol) [0x00007FF77CFBF33F]
	(No symbol) [0x00007FF77CFDF412]
	(No symbol) [0x00007FF77CFBF0A3]
	(No symbol) [0x00007FF77CF8A778]
	(No symbol) [0x00007FF77CF8B8E1]
	GetHandleVerifier [0x00007FF77D46FCAD+3408013]
	GetHandleVerifier [0x00007FF77D48741F+3504127]
	GetHandleVerifier [0x00007FF77D47B5FD+3455453]
	GetHandleVerifier [0x00007FF77D1FBDBB+835995]
	(No symbol) [0x00007FF77D0AEB5F]
	(No symbol) [0x00007FF77D0AA814]
	(No symbol) [0x00007FF77D0AA9AD]
	(No symbol) [0x00007FF77D09A199]
	BaseThreadInitThunk [0x00007FFD579C7374+20]
	RtlUserThreadStart [0x00007FFD5991CC91+33]
</p><p style="color:maroon;">Traceback (most recent call last):
  File "C:\Users\anton\Desktop\FinalProgWeb\FinalProgWeb\tests\test_webpage.py", line 58, in test_store_edit
    success_message = wait.until(EC.visibility_of_element_located((By.CLASS_NAME, "alert-success")))
                      ^^^^^^^^^^^^^^^^^^^^^^^^^^^^^^^^^^^^^^^^^^^^^^^^^^^^^^^^^^^^^^^^^^^^^^^^^^^^^^
  File "c:\Users\anton\AppData\Local\Programs\Python\Python312\Lib\site-packages\selenium\webdriver\support\wait.py", line 105, in until
    raise TimeoutException(message, screen, stacktrace)
selenium.common.exceptions.TimeoutException: Message: 
Stacktrace:
	GetHandleVerifier [0x00007FF77D136CB5+28821]
	(No symbol) [0x00007FF77D0A3840]
	(No symbol) [0x00007FF77CF4578A]
	(No symbol) [0x00007FF77CF991BE]
	(No symbol) [0x00007FF77CF994AC]
	(No symbol) [0x00007FF77CFE2647]
	(No symbol) [0x00007FF77CFBF33F]
	(No symbol) [0x00007FF77CFDF412]
	(No symbol) [0x00007FF77CFBF0A3]
	(No symbol) [0x00007FF77CF8A778]
	(No symbol) [0x00007FF77CF8B8E1]
	GetHandleVerifier [0x00007FF77D46FCAD+3408013]
	GetHandleVerifier [0x00007FF77D48741F+3504127]
	GetHandleVerifier [0x00007FF77D47B5FD+3455453]
	GetHandleVerifier [0x00007FF77D1FBDBB+835995]
	(No symbol) [0x00007FF77D0AEB5F]
	(No symbol) [0x00007FF77D0AA814]
	(No symbol) [0x00007FF77D0AA9AD]
	(No symbol) [0x00007FF77D09A199]
	BaseThreadInitThunk [0x00007FFD579C7374+20]
	RtlUserThreadStart [0x00007FFD5991CC91+33]

</p>
                            </td>
                        </tr>
                        <tr>
                            <td colspan="3">
                                Total: 1, Pass: 0, Error: 1 -- Duration: 26.53 s
                            </td>
                        </tr>
                    </tbody>
                </table>
            </div>
        </div>
    </div>
    <script src="https://ajax.googleapis.com/ajax/libs/jquery/2.2.4/jquery.min.js"></script>
    <script type="text/javascript">
        $(document).ready(function(){
            $('td').on('click', '.btn', function(e){
                e.preventDefault();
                e.stopImmediatePropagation();
                var $this = $(this);
                var $nextRow = $this.closest('tr').next('tr');
                $nextRow.slideToggle("fast");
                $this.text(function(i, text){
                    if (text === 'View') {
                        return 'Hide';
                    } else {
                        return 'View';
                    };
                });
            });
        });
    </script>
</body>
</html