<!DOCTYPE html>
<html>
<head>
    <title>Pruebas Selenium</title>
    <meta charset="utf-8">
    <meta name="viewport" content="width=device-width, initial-scale=1.0">
    <link rel="stylesheet" href="https://maxcdn.bootstrapcdn.com/bootstrap/3.3.6/css/bootstrap.min.css" integrity="sha384-1q8mTJOASx8j1Au+a5WDVnPi2lkFfwwEAa8hDDdjZlpLegxhjVME1fgjWPGmkzs7" crossorigin="anonymous">
</head>
<body>
    <div class="container">
        <div class="row">
            <div class="col-xs-12">
                <h2 class="text-capitalize">Pruebas Selenium</h2>
                <p class='attribute'><strong>Start Time: </strong>2024-11-25 22:25:45</p>
                <p class='attribute'><strong>Duration: </strong>30.98 s</p>
                <p class='attribute'><strong>Summary: </strong>Total: 2, Pass: 1, Error: 1</p>
            </div>
        </div>
        <div class="row">
            <div class="col-xs-12 col-sm-10 col-md-10">
                <table class='table table-hover table-responsive'>
                    <thead>
                        <tr>
                            <th>__main__.TestWebApp</th>
                            <th>Status</th>
                            <th></th>
                        </tr>
                    </thead>
                    <tbody>
                        <tr class='success'>
                            <td class="col-xs-10">test_navigation</td>
                            <td class="col-xs-1">
                                <span class="label label-success" style="display:block;width:40px;">Pass</span>
                            </td>
                            <td class="col-xs-1">
                                <button class="btn btn-default btn-xs">View</button>
                            </td>
                        </tr>
                        <tr style="display:none;">
                            <td class="col-xs-9" colspan="3"><p>Navegando a la página de libros...
Navegando a la página de autores...
Navegando a la página de tiendas...
</p>
                            </td>
                        </tr>
                        <tr class='warning'>
                            <td class="col-xs-10">test_store_edit</td>
                            <td class="col-xs-1">
                                <span class="label label-warning" style="display:block;width:40px;">Error</span>
                            </td>
                            <td class="col-xs-1">
                                <button class="btn btn-default btn-xs">View</button>
                            </td>
                        </tr>
                        <tr style="display:none;">
                            <td class="col-xs-9" colspan="3"><p>Abriendo el modal para editar tienda...
Enviando los cambios...
</p><p style="color:maroon;">UnexpectedAlertPresentException: Alert Text: Tienda actualizada correctamente
Message: unexpected alert open: {Alert text : Tienda actualizada correctamente}
  (Session info: chrome=131.0.6778.85)
Stacktrace:
	GetHandleVerifier [0x00007FF78DEB6CB5+28821]
	(No symbol) [0x00007FF78DE23840]
	(No symbol) [0x00007FF78DCC578A]
	(No symbol) [0x00007FF78DD5FF93]
	(No symbol) [0x00007FF78DD3F0A3]
	(No symbol) [0x00007FF78DD0A778]
	(No symbol) [0x00007FF78DD0B8E1]
	GetHandleVerifier [0x00007FF78E1EFCAD+3408013]
	GetHandleVerifier [0x00007FF78E20741F+3504127]
	GetHandleVerifier [0x00007FF78E1FB5FD+3455453]
	GetHandleVerifier [0x00007FF78DF7BDBB+835995]
	(No symbol) [0x00007FF78DE2EB5F]
	(No symbol) [0x00007FF78DE2A814]
	(No symbol) [0x00007FF78DE2A9AD]
	(No symbol) [0x00007FF78DE1A199]
	BaseThreadInitThunk [0x00007FFD579C7374+20]
	RtlUserThreadStart [0x00007FFD5991CC91+33]
</p><p style="color:maroon;">Traceback (most recent call last):
  File "C:\Users\anton\Desktop\FinalProgWeb\FinalProgWeb\tests\test_webpage.py", line 90, in test_store_edit
    success_message = wait.until(EC.presence_of_element_located((By.CLASS_NAME, "alert-success")))
                      ^^^^^^^^^^^^^^^^^^^^^^^^^^^^^^^^^^^^^^^^^^^^^^^^^^^^^^^^^^^^^^^^^^^^^^^^^^^^
  File "c:\Users\anton\AppData\Local\Programs\Python\Python312\Lib\site-packages\selenium\webdriver\support\wait.py", line 96, in until
    value = method(self._driver)
            ^^^^^^^^^^^^^^^^^^^^
  File "c:\Users\anton\AppData\Local\Programs\Python\Python312\Lib\site-packages\selenium\webdriver\support\expected_conditions.py", line 84, in _predicate
    return driver.find_element(*locator)
           ^^^^^^^^^^^^^^^^^^^^^^^^^^^^^
  File "c:\Users\anton\AppData\Local\Programs\Python\Python312\Lib\site-packages\selenium\webdriver\remote\webdriver.py", line 770, in find_element
    return self.execute(Command.FIND_ELEMENT, {"using": by, "value": value})["value"]
           ^^^^^^^^^^^^^^^^^^^^^^^^^^^^^^^^^^^^^^^^^^^^^^^^^^^^^^^^^^^^^^^^^
  File "c:\Users\anton\AppData\Local\Programs\Python\Python312\Lib\site-packages\selenium\webdriver\remote\webdriver.py", line 384, in execute
    self.error_handler.check_response(response)
  File "c:\Users\anton\AppData\Local\Programs\Python\Python312\Lib\site-packages\selenium\webdriver\remote\errorhandler.py", line 231, in check_response
    raise exception_class(message, screen, stacktrace, alert_text)  # type: ignore[call-arg]  # mypy is not smart enough here
    ^^^^^^^^^^^^^^^^^^^^^^^^^^^^^^^^^^^^^^^^^^^^^^^^^^^^^^^^^^^^^^
selenium.common.exceptions.UnexpectedAlertPresentException: Alert Text: Tienda actualizada correctamente
Message: unexpected alert open: {Alert text : Tienda actualizada correctamente}
  (Session info: chrome=131.0.6778.85)
Stacktrace:
	GetHandleVerifier [0x00007FF78DEB6CB5+28821]
	(No symbol) [0x00007FF78DE23840]
	(No symbol) [0x00007FF78DCC578A]
	(No symbol) [0x00007FF78DD5FF93]
	(No symbol) [0x00007FF78DD3F0A3]
	(No symbol) [0x00007FF78DD0A778]
	(No symbol) [0x00007FF78DD0B8E1]
	GetHandleVerifier [0x00007FF78E1EFCAD+3408013]
	GetHandleVerifier [0x00007FF78E20741F+3504127]
	GetHandleVerifier [0x00007FF78E1FB5FD+3455453]
	GetHandleVerifier [0x00007FF78DF7BDBB+835995]
	(No symbol) [0x00007FF78DE2EB5F]
	(No symbol) [0x00007FF78DE2A814]
	(No symbol) [0x00007FF78DE2A9AD]
	(No symbol) [0x00007FF78DE1A199]
	BaseThreadInitThunk [0x00007FFD579C7374+20]
	RtlUserThreadStart [0x00007FFD5991CC91+33]

</p>
                            </td>
                        </tr>
                        <tr>
                            <td colspan="3">
                                Total: 2, Pass: 1, Error: 1 -- Duration: 30.98 s
                            </td>
                        </tr>
                    </tbody>
                </table>
            </div>
        </div>
    </div>
    <script src="https://ajax.googleapis.com/ajax/libs/jquery/2.2.4/jquery.min.js"></script>
    <script type="text/javascript">
        $(document).ready(function(){
            $('td').on('click', '.btn', function(e){
                e.preventDefault();
                e.stopImmediatePropagation();
                var $this = $(this);
                var $nextRow = $this.closest('tr').next('tr');
                $nextRow.slideToggle("fast");
                $this.text(function(i, text){
                    if (text === 'View') {
                        return 'Hide';
                    } else {
                        return 'View';
                    };
                });
            });
        });
    </script>
</body>
</html